<?xml version="1.0" encoding="UTF-8"?>
<!-- Generated by org.testng.reporters.JUnitReportReporter -->
<testsuite hostname="LAPTOP-A9EMGS12" failures="0" tests="2" name="com.vishvpatel.seleniumpractice.SampleExampleTestNG" time="10.782" errors="0" timestamp="2024-08-14T19:11:59 IST" skipped="0">
  <testcase classname="com.vishvpatel.seleniumpractice.SampleExampleTestNG" name="titleVerify1" time="5.122"/>
  <system-out/>
  <testcase classname="com.vishvpatel.seleniumpractice.SampleExampleTestNG" name="titleVerify" time="5.660"/>
  <system-out/>
</testsuite> <!-- com.vishvpatel.seleniumpractice.SampleExampleTestNG -->
