<?xml version="1.0" encoding="UTF-8"?>
<!-- Generated by org.testng.reporters.JUnitReportReporter -->
<testsuite hostname="LAPTOP-A9EMGS12" failures="0" tests="1" name="com.vishvpatel.seleniumpractice.SampleExampleTestNG" time="16.831" errors="0" timestamp="2024-08-15T12:08:10 IST" skipped="0">
  <testcase classname="com.vishvpatel.seleniumpractice.SampleExampleTestNG" name="titleVerify" time="16.831"/>
  <system-out/>
</testsuite> <!-- com.vishvpatel.seleniumpractice.SampleExampleTestNG -->
