<?xml version="1.0" encoding="UTF-8"?>
<!-- Generated by org.testng.reporters.JUnitReportReporter -->
<testsuite hostname="LAPTOP-A9EMGS12" failures="0" tests="2" name="com.vishvpatel.seleniumpractice.SampleExampleTestNG" time="11.044" errors="0" timestamp="2024-08-15T01:13:49 IST" skipped="0">
  <testcase classname="com.vishvpatel.seleniumpractice.SampleExampleTestNG" name="titleVerify" time="5.708"/>
  <system-out/>
  <testcase classname="com.vishvpatel.seleniumpractice.SampleExampleTestNG" name="titleVerify1" time="5.336"/>
  <system-out/>
</testsuite> <!-- com.vishvpatel.seleniumpractice.SampleExampleTestNG -->
